<?xml version="1.0" encoding="UTF-8"?>
<!-- Generated by org.testng.reporters.JUnitReportReporter -->
<testsuite hostname="Mansoors-MacBook-Air.local" failures="0" tests="1" name="com.fulcreative.task.Trello" time="39.301" errors="0" timestamp="2022-10-25T12:39:40 IST" skipped="0">
  <testcase classname="com.fulcreative.task.Trello" name="testFlow" time="39.301"/>
  <system-out/>
</testsuite> <!-- com.fulcreative.task.Trello -->
