<?xml version="1.0" encoding="UTF-8"?>
<!-- Generated by org.testng.reporters.JUnitReportReporter -->
<testsuite hostname="Mansoors-MacBook-Air.local" failures="0" tests="1" name="com.fulcreative.task.Trello" time="43.885" errors="0" timestamp="2022-10-25T00:52:48 IST" skipped="0">
  <testcase classname="com.fulcreative.task.Trello" name="TestFlow" time="43.885"/>
  <system-out/>
</testsuite> <!-- com.fulcreative.task.Trello -->
